----/Users/snukavarapu/BBG/ambconf/core-site.xml-------
fs.defaultFS
fs.trash.interval
ha.failover-controller.active-standby-elector.zk.op.retries
ha.zookeeper.quorum
hadoop.http.authentication.simple.anonymous.allowed
hadoop.proxyuser.HTTP.groups
hadoop.proxyuser.HTTP.hosts
hadoop.proxyuser.hcat.groups
hadoop.proxyuser.hcat.hosts
hadoop.proxyuser.hdfs.groups
hadoop.proxyuser.hdfs.hosts
hadoop.proxyuser.hive.groups
hadoop.proxyuser.hive.hosts
hadoop.proxyuser.oozie.groups
hadoop.proxyuser.oozie.hosts
hadoop.proxyuser.yarn.groups
hadoop.proxyuser.yarn.hosts
hadoop.security.auth_to_local
hadoop.security.authentication
hadoop.security.authorization
hadoop.security.key.provider.path
io.compression.codecs
io.file.buffer.size
io.serializations
ipc.client.connect.max.retries
ipc.client.connection.maxidletime
ipc.client.idlethreshold
ipc.server.tcpnodelay
mapreduce.jobtracker.webinterface.trusted
net.topology.script.file.name
----/Users/snukavarapu/BBG/ambconf/hbase-site.xml-------
dfs.domain.socket.path
hbase.bulkload.staging.dir
hbase.client.keyvalue.maxsize
hbase.client.retries.number
hbase.client.scanner.caching
hbase.cluster.distributed
hbase.coprocessor.master.classes
hbase.coprocessor.region.classes
hbase.coprocessor.regionserver.classes
hbase.defaults.for.version.skip
hbase.hregion.majorcompaction
hbase.hregion.majorcompaction.jitter
hbase.hregion.max.filesize
hbase.hregion.memstore.block.multiplier
hbase.hregion.memstore.flush.size
hbase.hregion.memstore.mslab.enabled
hbase.hstore.blockingStoreFiles
hbase.hstore.compaction.max
hbase.hstore.compactionThreshold
hbase.local.dir
hbase.master.info.bindAddress
hbase.master.info.port
hbase.master.kerberos.principal
hbase.master.keytab.file
hbase.master.port
hbase.regionserver.global.memstore.size
hbase.regionserver.handler.count
hbase.regionserver.info.port
hbase.regionserver.kerberos.principal
hbase.regionserver.keytab.file
hbase.regionserver.port
hbase.regionserver.wal.codec
hbase.rootdir
hbase.rpc.protection
hbase.rpc.timeout
hbase.security.authentication
hbase.security.authorization
hbase.superuser
hbase.tmp.dir
hbase.zookeeper.property.clientPort
hbase.zookeeper.quorum
hbase.zookeeper.useMulti
hfile.block.cache.size
phoenix.query.timeoutMs
zookeeper.session.timeout
zookeeper.znode.parent
----/Users/snukavarapu/BBG/ambconf/hdfs-site.xml-------
dfs.block.access.token.enable
dfs.blockreport.initialDelay
dfs.blocksize
dfs.client.failover.proxy.provider.hacluster
dfs.client.read.shortcircuit
dfs.client.read.shortcircuit.streams.cache.size
dfs.client.retry.policy.enabled
dfs.cluster.administrators
dfs.content-summary.limit
dfs.datanode.address
dfs.datanode.balance.bandwidthPerSec
dfs.datanode.data.dir
dfs.datanode.data.dir.perm
dfs.datanode.du.reserved
dfs.datanode.failed.volumes.tolerated
dfs.datanode.http.address
dfs.datanode.https.address
dfs.datanode.ipc.address
dfs.datanode.kerberos.principal
dfs.datanode.keytab.file
dfs.datanode.max.transfer.threads
dfs.domain.socket.path
dfs.encrypt.data.transfer.cipher.suites
dfs.encryption.key.provider.uri
dfs.ha.automatic-failover.enabled
dfs.ha.fencing.methods
dfs.ha.namenodes.hacluster
dfs.heartbeat.interval
dfs.hosts.exclude
dfs.http.policy
dfs.https.port
dfs.journalnode.edits.dir
dfs.journalnode.http-address
dfs.journalnode.https-address
dfs.journalnode.kerberos.internal.spnego.principal
dfs.journalnode.kerberos.principal
dfs.journalnode.keytab.file
dfs.namenode.accesstime.precision
dfs.namenode.audit.log.async
dfs.namenode.avoid.read.stale.datanode
dfs.namenode.avoid.write.stale.datanode
dfs.namenode.checkpoint.dir
dfs.namenode.checkpoint.edits.dir
dfs.namenode.checkpoint.period
dfs.namenode.checkpoint.txns
dfs.namenode.fslock.fair
dfs.namenode.handler.count
dfs.namenode.http-address.hacluster.nn1
dfs.namenode.http-address.hacluster.nn2
dfs.namenode.https-address.hacluster.nn1
dfs.namenode.https-address.hacluster.nn2
dfs.namenode.kerberos.internal.spnego.principal
dfs.namenode.kerberos.principal
dfs.namenode.keytab.file
dfs.namenode.name.dir
dfs.namenode.name.dir.restore
dfs.namenode.rpc-address.hacluster.nn1
dfs.namenode.rpc-address.hacluster.nn2
dfs.namenode.safemode.threshold-pct
dfs.namenode.shared.edits.dir
dfs.namenode.stale.datanode.interval
dfs.namenode.startup.delay.block.deletion.sec
dfs.namenode.write.stale.datanode.ratio
dfs.nameservices
dfs.permissions.enabled
dfs.permissions.superusergroup
dfs.replication
dfs.replication.max
dfs.support.append
dfs.web.authentication.kerberos.keytab
dfs.web.authentication.kerberos.principal
dfs.webhdfs.enabled
fs.permissions.umask-mode
nfs.exports.allowed.hosts
nfs.file.dump.dir
----/Users/snukavarapu/BBG/ambconf/hive-site.xml-------
ambari.hive.db.schema.name
atlas.hook.hive.maxThreads
atlas.hook.hive.minThreads
datanucleus.autoCreateSchema
datanucleus.cache.level2.type
datanucleus.fixedDatastore
hive.auto.convert.join
hive.auto.convert.join.noconditionaltask
hive.auto.convert.join.noconditionaltask.size
hive.auto.convert.sortmerge.join
hive.auto.convert.sortmerge.join.to.mapjoin
hive.cbo.enable
hive.cli.print.header
hive.cluster.delegation.token.store.class
hive.cluster.delegation.token.store.zookeeper.connectString
hive.cluster.delegation.token.store.zookeeper.znode
hive.compactor.abortedtxn.threshold
hive.compactor.check.interval
hive.compactor.delta.num.threshold
hive.compactor.delta.pct.threshold
hive.compactor.initiator.on
hive.compactor.worker.threads
hive.compactor.worker.timeout
hive.compute.query.using.stats
hive.conf.restricted.list
hive.convert.join.bucket.mapjoin.tez
hive.default.fileformat
hive.default.fileformat.managed
hive.enforce.bucketing
hive.enforce.sorting
hive.enforce.sortmergebucketmapjoin
hive.exec.compress.intermediate
hive.exec.compress.output
hive.exec.dynamic.partition
hive.exec.dynamic.partition.mode
hive.exec.failure.hooks
hive.exec.max.created.files
hive.exec.max.dynamic.partitions
hive.exec.max.dynamic.partitions.pernode
hive.exec.orc.compression.strategy
hive.exec.orc.default.compress
hive.exec.orc.default.stripe.size
hive.exec.orc.encoding.strategy
hive.exec.parallel
hive.exec.parallel.thread.number
hive.exec.post.hooks
hive.exec.pre.hooks
hive.exec.reducers.bytes.per.reducer
hive.exec.reducers.max
hive.exec.scratchdir
hive.exec.submit.local.task.via.child
hive.exec.submitviachild
hive.execution.engine
hive.fetch.task.aggr
hive.fetch.task.conversion
hive.fetch.task.conversion.threshold
hive.limit.optimize.enable
hive.limit.pushdown.memory.usage
hive.map.aggr
hive.map.aggr.hash.force.flush.memory.threshold
hive.map.aggr.hash.min.reduction
hive.map.aggr.hash.percentmemory
hive.mapjoin.bucket.cache.size
hive.mapjoin.optimized.hashtable
hive.mapred.reduce.tasks.speculative.execution
hive.merge.mapfiles
hive.merge.mapredfiles
hive.merge.orcfile.stripe.level
hive.merge.rcfile.block.level
hive.merge.size.per.task
hive.merge.smallfiles.avgsize
hive.merge.tezfiles
hive.metastore.authorization.storage.checks
hive.metastore.cache.pinobjtypes
hive.metastore.client.connect.retry.delay
hive.metastore.client.socket.timeout
hive.metastore.connect.retries
hive.metastore.execute.setugi
hive.metastore.failure.retries
hive.metastore.kerberos.keytab.file
hive.metastore.kerberos.principal
hive.metastore.pre.event.listeners
hive.metastore.sasl.enabled
hive.metastore.server.max.threads
hive.metastore.uris
hive.metastore.warehouse.dir
hive.optimize.bucketmapjoin
hive.optimize.bucketmapjoin.sortedmerge
hive.optimize.constant.propagation
hive.optimize.index.filter
hive.optimize.metadataonly
hive.optimize.null.scan
hive.optimize.reducededuplication
hive.optimize.reducededuplication.min.reducer
hive.optimize.sort.dynamic.partition
hive.orc.compute.splits.num.threads
hive.orc.splits.include.file.footer
hive.prewarm.enabled
hive.prewarm.numcontainers
hive.security.authenticator.manager
hive.security.authorization.enabled
hive.security.authorization.manager
hive.security.metastore.authenticator.manager
hive.security.metastore.authorization.auth.reads
hive.security.metastore.authorization.manager
hive.server2.allow.user.substitution
hive.server2.authentication
hive.server2.authentication.kerberos.keytab
hive.server2.authentication.kerberos.principal
hive.server2.authentication.spnego.keytab
hive.server2.authentication.spnego.principal
hive.server2.enable.doAs
hive.server2.logging.operation.enabled
hive.server2.logging.operation.log.location
hive.server2.support.dynamic.service.discovery
hive.server2.table.type.mapping
hive.server2.tez.default.queues
hive.server2.tez.initialize.default.sessions
hive.server2.tez.sessions.per.default.queue
hive.server2.thrift.http.path
hive.server2.thrift.http.port
hive.server2.thrift.max.worker.threads
hive.server2.thrift.port
hive.server2.thrift.sasl.qop
hive.server2.transport.mode
hive.server2.use.SSL
hive.server2.zookeeper.namespace
hive.smbjoin.cache.rows
hive.stats.autogather
hive.stats.dbclass
hive.stats.fetch.column.stats
hive.stats.fetch.partition.stats
hive.support.concurrency
hive.tez.auto.reducer.parallelism
hive.tez.container.size
hive.tez.cpu.vcores
hive.tez.dynamic.partition.pruning
hive.tez.dynamic.partition.pruning.max.data.size
hive.tez.dynamic.partition.pruning.max.event.size
hive.tez.input.format
hive.tez.java.opts
hive.tez.log.level
hive.tez.max.partition.factor
hive.tez.min.partition.factor
hive.tez.smb.number.waves
hive.txn.manager
hive.txn.max.open.batch
hive.txn.timeout
hive.user.install.directory
hive.vectorized.execution.enabled
hive.vectorized.execution.reduce.enabled
hive.vectorized.groupby.checkinterval
hive.vectorized.groupby.flush.percent
hive.vectorized.groupby.maxentries
hive.zookeeper.client.port
hive.zookeeper.namespace
hive.zookeeper.quorum
javax.jdo.option.ConnectionDriverName
javax.jdo.option.ConnectionURL
javax.jdo.option.ConnectionUserName
----/Users/snukavarapu/BBG/ambconf/mapred-site.xml-------
mapreduce.admin.map.child.java.opts
mapreduce.admin.reduce.child.java.opts
mapreduce.admin.user.env
mapreduce.am.max-attempts
mapreduce.application.classpath
mapreduce.application.framework.path
mapreduce.cluster.administrators
mapreduce.framework.name
mapreduce.job.counters.max
mapreduce.job.emit-timeline-data
mapreduce.job.reduce.slowstart.completedmaps
mapreduce.jobhistory.address
mapreduce.jobhistory.bind-host
mapreduce.jobhistory.done-dir
mapreduce.jobhistory.intermediate-done-dir
mapreduce.jobhistory.keytab
mapreduce.jobhistory.principal
mapreduce.jobhistory.recovery.enable
mapreduce.jobhistory.recovery.store.class
mapreduce.jobhistory.recovery.store.leveldb.path
mapreduce.jobhistory.webapp.address
mapreduce.jobhistory.webapp.spnego-keytab-file
mapreduce.jobhistory.webapp.spnego-principal
mapreduce.map.java.opts
mapreduce.map.log.level
mapreduce.map.memory.mb
mapreduce.map.output.compress
mapreduce.map.sort.spill.percent
mapreduce.map.speculative
mapreduce.output.fileoutputformat.compress
mapreduce.output.fileoutputformat.compress.type
mapreduce.reduce.input.buffer.percent
mapreduce.reduce.java.opts
mapreduce.reduce.log.level
mapreduce.reduce.memory.mb
mapreduce.reduce.shuffle.fetch.retry.enabled
mapreduce.reduce.shuffle.fetch.retry.interval-ms
mapreduce.reduce.shuffle.fetch.retry.timeout-ms
mapreduce.reduce.shuffle.input.buffer.percent
mapreduce.reduce.shuffle.merge.percent
mapreduce.reduce.shuffle.parallelcopies
mapreduce.reduce.speculative
mapreduce.shuffle.port
mapreduce.task.io.sort.factor
mapreduce.task.io.sort.mb
mapreduce.task.timeout
yarn.app.mapreduce.am.admin-command-opts
yarn.app.mapreduce.am.command-opts
yarn.app.mapreduce.am.log.level
yarn.app.mapreduce.am.resource.mb
yarn.app.mapreduce.am.staging-dir
----/Users/snukavarapu/BBG/ambconf/oozie-site.xml-------
local.realm
oozie.authentication.kerberos.keytab
oozie.authentication.kerberos.name.rules
oozie.authentication.kerberos.principal
oozie.authentication.simple.anonymous.allowed
oozie.authentication.type
oozie.base.url
oozie.credentials.credentialclasses
oozie.db.schema.name
oozie.service.AuthorizationService.authorization.enabled
oozie.service.AuthorizationService.security.enabled
oozie.service.HadoopAccessorService.hadoop.configurations
oozie.service.HadoopAccessorService.kerberos.enabled
oozie.service.HadoopAccessorService.kerberos.principal
oozie.service.HadoopAccessorService.keytab.file
oozie.service.JPAService.jdbc.driver
oozie.service.JPAService.jdbc.password
oozie.service.JPAService.jdbc.url
oozie.service.JPAService.jdbc.username
oozie.service.URIHandlerService.uri.handlers
oozie.services.ext
----/Users/snukavarapu/BBG/ambconf/sqoop-site.xml-------
sqoop.connection.factories
sqoop.jobbase.serialize.sqoopoptions
sqoop.metastore.client.autoconnect.password
sqoop.metastore.client.autoconnect.url
sqoop.metastore.client.autoconnect.username
sqoop.metastore.client.enable.autoconnect
sqoop.metastore.client.record.password
sqoop.metastore.server.location
sqoop.metastore.server.port
sqoop.tool.plugins
----/Users/snukavarapu/BBG/ambconf/tez-site.xml-------
tez.am.am-rm.heartbeat.interval-ms.max
tez.am.container.idle.release-timeout-max.millis
tez.am.container.idle.release-timeout-min.millis
tez.am.container.reuse.enabled
tez.am.container.reuse.locality.delay-allocation-millis
tez.am.container.reuse.non-local-fallback.enabled
tez.am.container.reuse.rack-fallback.enabled
tez.am.launch.cluster-default.cmd-opts
tez.am.launch.cmd-opts
tez.am.launch.env
tez.am.log.level
tez.am.max.app.attempts
tez.am.maxtaskfailures.per.node
tez.am.resource.memory.mb
tez.am.tez-ui.history-url.template
tez.am.view-acls
tez.cluster.additional.classpath.prefix
tez.counters.max
tez.counters.max.groups
tez.generate.debug.artifacts
tez.grouping.max-size
tez.grouping.min-size
tez.grouping.split-waves
tez.history.logging.service.class
tez.lib.uris
tez.runtime.compress
tez.runtime.compress.codec
tez.runtime.convert.user-payload.to.history-text
tez.runtime.io.sort.mb
tez.runtime.optimize.local.fetch
tez.runtime.pipelined.sorter.sort.threads
tez.runtime.sorter.class
tez.runtime.unordered.output.buffer.size-mb
tez.session.am.dag.submit.timeout.secs
tez.session.client.timeout.secs
tez.shuffle-vertex-manager.max-src-fraction
tez.shuffle-vertex-manager.min-src-fraction
tez.staging-dir
tez.task.am.heartbeat.counter.interval-ms.max
tez.task.generate.counters.per.io
tez.task.get-task.sleep.interval-ms.max
tez.task.launch.cluster-default.cmd-opts
tez.task.launch.cmd-opts
tez.task.launch.env
tez.task.max-events-per-heartbeat
tez.task.resource.memory.mb
tez.tez-ui.history-url.base
tez.use.cluster.hadoop-libs
----/Users/snukavarapu/BBG/ambconf/yarn-site.xml-------
hadoop.registry.rm.enabled
hadoop.registry.zk.quorum
yarn.acl.enable
yarn.admin.acl
yarn.application.classpath
yarn.client.nodemanager-connect.max-wait-ms
yarn.client.nodemanager-connect.retry-interval-ms
yarn.http.policy
yarn.log-aggregation-enable
yarn.log-aggregation.retain-seconds
yarn.log.server.url
yarn.node-labels.enabled
yarn.node-labels.fs-store.retry-policy-spec
yarn.node-labels.fs-store.root-dir
yarn.nodemanager.address
yarn.nodemanager.admin-env
yarn.nodemanager.aux-services
yarn.nodemanager.aux-services.mapreduce_shuffle.class
yarn.nodemanager.aux-services.spark_shuffle.class
yarn.nodemanager.bind-host
yarn.nodemanager.container-executor.class
yarn.nodemanager.container-monitor.interval-ms
yarn.nodemanager.delete.debug-delay-sec
yarn.nodemanager.disk-health-checker.max-disk-utilization-per-disk-percentage
yarn.nodemanager.disk-health-checker.min-free-space-per-disk-mb
yarn.nodemanager.disk-health-checker.min-healthy-disks
yarn.nodemanager.health-checker.interval-ms
yarn.nodemanager.health-checker.script.timeout-ms
yarn.nodemanager.keytab
yarn.nodemanager.linux-container-executor.cgroups.hierarchy
yarn.nodemanager.linux-container-executor.cgroups.mount
yarn.nodemanager.linux-container-executor.cgroups.mount-path
yarn.nodemanager.linux-container-executor.cgroups.strict-resource-usage
yarn.nodemanager.linux-container-executor.group
yarn.nodemanager.linux-container-executor.resources-handler.class
yarn.nodemanager.local-dirs
yarn.nodemanager.log-aggregation.compression-type
yarn.nodemanager.log-aggregation.debug-enabled
yarn.nodemanager.log-aggregation.num-log-files-per-app
yarn.nodemanager.log-aggregation.roll-monitoring-interval-seconds
yarn.nodemanager.log-dirs
yarn.nodemanager.log.retain-second
yarn.nodemanager.principal
yarn.nodemanager.recovery.dir
yarn.nodemanager.recovery.enabled
yarn.nodemanager.remote-app-log-dir
yarn.nodemanager.remote-app-log-dir-suffix
yarn.nodemanager.resource.cpu-vcores
yarn.nodemanager.resource.memory-mb
yarn.nodemanager.resource.percentage-physical-cpu-limit
yarn.nodemanager.vmem-check-enabled
yarn.nodemanager.vmem-pmem-ratio
yarn.nodemanager.webapp.spnego-keytab-file
yarn.nodemanager.webapp.spnego-principal
yarn.resourcemanager.address
yarn.resourcemanager.admin.address
yarn.resourcemanager.am.max-attempts
yarn.resourcemanager.bind-host
yarn.resourcemanager.connect.max-wait.ms
yarn.resourcemanager.connect.retry-interval.ms
yarn.resourcemanager.fs.state-store.retry-policy-spec
yarn.resourcemanager.fs.state-store.uri
yarn.resourcemanager.ha.enabled
yarn.resourcemanager.hostname
yarn.resourcemanager.keytab
yarn.resourcemanager.nodes.exclude-path
yarn.resourcemanager.principal
yarn.resourcemanager.proxy-user-privileges.enabled
yarn.resourcemanager.proxyusers.*.groups
yarn.resourcemanager.proxyusers.*.hosts
yarn.resourcemanager.proxyusers.*.users
yarn.resourcemanager.recovery.enabled
yarn.resourcemanager.resource-tracker.address
yarn.resourcemanager.scheduler.address
yarn.resourcemanager.scheduler.class
yarn.resourcemanager.scheduler.monitor.enable
yarn.resourcemanager.state-store.max-completed-applications
yarn.resourcemanager.store.class
yarn.resourcemanager.system-metrics-publisher.dispatcher.pool-size
yarn.resourcemanager.system-metrics-publisher.enabled
yarn.resourcemanager.webapp.address
yarn.resourcemanager.webapp.delegation-token-auth-filter.enabled
yarn.resourcemanager.webapp.https.address
yarn.resourcemanager.webapp.spnego-keytab-file
yarn.resourcemanager.webapp.spnego-principal
yarn.resourcemanager.work-preserving-recovery.enabled
yarn.resourcemanager.work-preserving-recovery.scheduling-wait-ms
yarn.resourcemanager.zk-acl
yarn.resourcemanager.zk-address
yarn.resourcemanager.zk-num-retries
yarn.resourcemanager.zk-retry-interval-ms
yarn.resourcemanager.zk-state-store.parent-path
yarn.resourcemanager.zk-timeout-ms
yarn.scheduler.maximum-allocation-mb
yarn.scheduler.maximum-allocation-vcores
yarn.scheduler.minimum-allocation-mb
yarn.scheduler.minimum-allocation-vcores
yarn.timeline-service.address
yarn.timeline-service.bind-host
yarn.timeline-service.client.max-retries
yarn.timeline-service.client.retry-interval-ms
yarn.timeline-service.enabled
yarn.timeline-service.entity-group-fs-store.active-dir
yarn.timeline-service.entity-group-fs-store.cleaner-interval-seconds
yarn.timeline-service.entity-group-fs-store.done-dir
yarn.timeline-service.entity-group-fs-store.group-id-plugin-classes
yarn.timeline-service.entity-group-fs-store.retain-seconds
yarn.timeline-service.entity-group-fs-store.scan-interval-seconds
yarn.timeline-service.entity-group-fs-store.summary-store
yarn.timeline-service.generic-application-history.store-class
yarn.timeline-service.http-authentication.cookie.domain
yarn.timeline-service.http-authentication.cookie.path
yarn.timeline-service.http-authentication.kerberos.keytab
yarn.timeline-service.http-authentication.kerberos.name.rules
yarn.timeline-service.http-authentication.kerberos.principal
yarn.timeline-service.http-authentication.proxyusers.*.groups
yarn.timeline-service.http-authentication.proxyusers.*.hosts
yarn.timeline-service.http-authentication.proxyusers.*.users
yarn.timeline-service.http-authentication.signature.secret
yarn.timeline-service.http-authentication.signature.secret.file
yarn.timeline-service.http-authentication.signer.secret.provider
yarn.timeline-service.http-authentication.signer.secret.provider.object
yarn.timeline-service.http-authentication.simple.anonymous.allowed
yarn.timeline-service.http-authentication.token.validity
yarn.timeline-service.http-authentication.type
yarn.timeline-service.keytab
yarn.timeline-service.leveldb-state-store.path
yarn.timeline-service.leveldb-timeline-store.path
yarn.timeline-service.leveldb-timeline-store.read-cache-size
yarn.timeline-service.leveldb-timeline-store.start-time-read-cache-size
yarn.timeline-service.leveldb-timeline-store.start-time-write-cache-size
yarn.timeline-service.leveldb-timeline-store.ttl-interval-ms
yarn.timeline-service.principal
yarn.timeline-service.recovery.enabled
yarn.timeline-service.state-store-class
yarn.timeline-service.store-class
yarn.timeline-service.ttl-enable
yarn.timeline-service.ttl-ms
yarn.timeline-service.version
yarn.timeline-service.webapp.address
yarn.timeline-service.webapp.https.address
