----/Users/snukavarapu/BBG/bbgconf/core-site.xml-------
fs.defaultFS
hadoop.proxyuser.hive.groups
hadoop.proxyuser.hive.hosts
hadoop.proxyuser.httpfs.groups
hadoop.proxyuser.httpfs.hosts
hadoop.proxyuser.hue.groups
hadoop.proxyuser.hue.hosts
hadoop.proxyuser.oozie.groups
hadoop.proxyuser.oozie.hosts
hadoop.security.auth_to_local
hadoop.security.authentication
hadoop.security.authorization
hadoop.user.group.static.mapping.overrides
io.compression.codec.lzo.class
io.compression.codecs
mapreduce.cluster.local.dir
mapreduce.framework.name
net.topology.script.file.name
yarn.nodemanager.linux-container-executor.group
yarn.nodemanager.log-dirs
----/Users/snukavarapu/BBG/bbgconf/hbase-site.xml-------
dfs.client.read.shortcircuit
hbase.bulkload.staging.dir
hbase.cluster.distributed
hbase.coprocessor.abortonerror
hbase.coprocessor.master.classes
hbase.coprocessor.region.classes
hbase.coprocessor.regionserver.classes
hbase.defaults.for.version.skip
hbase.hregion.majorcompaction
hbase.ipc.server.tcpnodelay
hbase.ipc.warn.response.size
hbase.ipc.warn.response.time
hbase.master.dns.interface
hbase.master.dns.nameserver
hbase.master.hostname
hbase.master.ipc.address
hbase.master.kerberos.principal
hbase.master.keytab.file
hbase.master.wait.on.regionservers.mintostart
hbase.region.server.rpc.scheduler.factory.class
hbase.regionserver.dns.interface
hbase.regionserver.handler.count
hbase.regionserver.hostname
hbase.regionserver.ipc.address
hbase.regionserver.kerberos.principal
hbase.regionserver.keytab.file
hbase.regionserver.wal.codec
hbase.replication
hbase.rootdir
hbase.rpc.controllerfactory.class
hbase.rpc.engine
hbase.security.authentication
hbase.security.authorization
hbase.security.exec.permission.checks
hbase.superuser
hbase.zookeeper.property.clientPort
hbase.zookeeper.quorum
----/Users/snukavarapu/BBG/bbgconf/hdfs-site.xml-------
dfs.block.access.token.enable
dfs.blocksize
dfs.client.failover.proxy.provider.Test-Laptop
dfs.client.file-block-storage-locations.timeout
dfs.client.local.interfaces
dfs.client.read.shortcircuit
dfs.cluster.administrators
dfs.datanode.balance.bandwidthPerSec
dfs.datanode.data.dir
dfs.datanode.du.reserved
dfs.datanode.failed.volumes.tolerated
dfs.datanode.hdfs-blocks-metadata.enabled
dfs.datanode.ipc.address
dfs.datanode.kerberos.principal
dfs.datanode.keytab.file
dfs.datanode.max.transfer.threads
dfs.datanode.sync.behind.writes
dfs.datanode.synconclose
dfs.domain.socket.path
dfs.ha.automatic-failover.enabled
dfs.ha.fencing.methods
dfs.ha.namenodes.Test-Laptop
dfs.hosts.exclude
dfs.journalnode.edits.dir
dfs.journalnode.http-address
dfs.journalnode.https-address
dfs.journalnode.kerberos.internal.spnego.principal
dfs.journalnode.kerberos.principal
dfs.journalnode.keytab.file
dfs.journalnode.rpc-address
dfs.namenode.audit.log.async
dfs.namenode.avoid.read.stale.datanode
dfs.namenode.avoid.write.stale.datanode
dfs.namenode.datanode.registration.ip-hostname-check
dfs.namenode.handler.count
dfs.namenode.http-address.Test-Laptop.namenode659806686
dfs.namenode.http-address.Test-Laptop.namenode661523378
dfs.namenode.https-address.Test-Laptop.namenode659806686
dfs.namenode.https-address.Test-Laptop.namenode661523378
dfs.namenode.kerberos.internal.spnego.principal
dfs.namenode.kerberos.principal
dfs.namenode.keytab.file
dfs.namenode.name.dir
dfs.namenode.rpc-address.Test-Laptop.namenode659806686
dfs.namenode.rpc-address.Test-Laptop.namenode661523378
dfs.namenode.shared.edits.dir
dfs.namenode.stale.datanode.interval
dfs.nameservices
dfs.permissions.enabled
dfs.permissions.superusergroup
dfs.replication
dfs.secondary.namenode.kerberos.internal.spnego.principal
dfs.web.authentication.kerberos.keytab
dfs.web.authentication.kerberos.principal
dfs.webhdfs.enabled
ha.zookeeper.quorum
----/Users/snukavarapu/BBG/bbgconf/hive-site.xml-------
datanucleus.autoCreateSchema
datanucleus.fixedDatastore
hive.aux.jars.path
hive.exec.scratchdir
hive.metastore.client.socket.timeout
hive.metastore.execute.setugi
hive.metastore.kerberos.keytab.file
hive.metastore.kerberos.principal
hive.metastore.sasl.enabled
hive.metastore.uris
hive.metastore.warehouse.dir
hive.server2.authentication
hive.server2.authentication.kerberos.keytab
hive.server2.authentication.kerberos.principal
hive.server2.logging.operation.enabled
hive.server2.logging.operation.log.location
hive.server2.logging.operation.verbose
hive.server2.support.dynamic.service.discovery
hive.server2.thrift.bind.host
hive.server2.thrift.port
hive.server2.zookeeper.namespace
hive.stats.autogather
hive.stats.dbclass
hive.stats.dbconnectionstring
hive.stats.jdbcdriver
hive.support.concurrency
hive.warehouse.subdir.inherit.perms
hive.zookeeper.quorum
javax.jdo.option.ConnectionDriverName
javax.jdo.option.ConnectionPassword
javax.jdo.option.ConnectionURL
javax.jdo.option.ConnectionUserName
----/Users/snukavarapu/BBG/bbgconf/mapred-site.xml-------
mapred.map.output.compress.codec
mapreduce.admin.map.child.java.opts
mapreduce.admin.user.env
mapreduce.application.classpath
mapreduce.application.framework.path
mapreduce.framework.name
mapreduce.jobhistory.address
mapreduce.jobhistory.keytab
mapreduce.jobhistory.principal
mapreduce.jobhistory.webapp.address
mapreduce.map.java.opts
mapreduce.map.memory.mb
mapreduce.map.output.compress
mapreduce.reduce.java.opts
mapreduce.reduce.memory.mb
yarn.app.mapreduce.am.command-opts
yarn.app.mapreduce.am.log.level
yarn.app.mapreduce.am.resource.mb
yarn.app.mapreduce.am.staging-dir
----/Users/snukavarapu/BBG/bbgconf/oozie-site.xml-------
local.realm
oozie.authentication.cookie.domain
oozie.authentication.kerberos.keytab
oozie.authentication.kerberos.name.rules
oozie.authentication.kerberos.principal
oozie.authentication.signature.secret
oozie.authentication.simple.anonymous.allowed
oozie.authentication.token.validity
oozie.authentication.type
oozie.credentials.credentialclasses
oozie.db.schema.name
oozie.launcher.mapreduce.map.java.opts
oozie.launcher.mapreduce.map.memory.mb
oozie.launcher.mapreduce.reduce.java.opts
oozie.launcher.mapreduce.reduce.memory.mb
oozie.launcher.yarn.app.mapreduce.am.command-opts
oozie.launcher.yarn.app.mapreduce.am.resource.mb
oozie.service.ActionService.executor.ext.classes
oozie.service.AuthorizationService.security.enabled
oozie.service.CallableQueueService.callable.concurrency
oozie.service.CallableQueueService.queue.size
oozie.service.CallableQueueService.threads
oozie.service.HadoopAccessorService.hadoop.configurations
oozie.service.HadoopAccessorService.jobTracker.whitelist
oozie.service.HadoopAccessorService.kerberos.enabled
oozie.service.HadoopAccessorService.kerberos.principal
oozie.service.HadoopAccessorService.keytab.file
oozie.service.HadoopAccessorService.nameNode.whitelist
oozie.service.JPAService.create.db.schema
oozie.service.JPAService.jdbc.driver
oozie.service.JPAService.jdbc.password
oozie.service.JPAService.jdbc.url
oozie.service.JPAService.jdbc.username
oozie.service.JPAService.pool.max.active.conn
oozie.service.ProxyUserService.proxyuser.hue.groups
oozie.service.ProxyUserService.proxyuser.hue.hosts
oozie.service.PurgeService.older.than
oozie.service.PurgeService.purge.interval
oozie.service.SchemaService.wf.ext.schemas
oozie.service.WorkflowAppService.system.libpath
oozie.service.coord.normal.default.timeout
oozie.system.id
oozie.systemmode
use.system.libpath.for.mapreduce.and.pig.jobs
----/Users/snukavarapu/BBG/bbgconf/sqoop-site.xml-------
sqoop.connection.factories
sqoop.jobbase.serialize.sqoopoptions
sqoop.metastore.client.autoconnect.password
sqoop.metastore.client.autoconnect.url
sqoop.metastore.client.autoconnect.username
sqoop.metastore.client.enable.autoconnect
sqoop.metastore.client.record.password
sqoop.metastore.server.location
sqoop.metastore.server.port
sqoop.tool.plugins
----/Users/snukavarapu/BBG/bbgconf/tez-site.xml-------
tez.am.launch.cluster-default.cmd-opts
tez.cluster.additional.classpath.prefix
tez.lib.uris
tez.runtime.compress.codec
tez.task.launch.cluster-default.cmd-opts
----/Users/snukavarapu/BBG/bbgconf/yarn-site.xml-------
yarn.application.classpath
yarn.log-aggregation-enable
yarn.log-aggregation.retain-seconds
yarn.log.server.url
yarn.nodemanager.aux-services
yarn.nodemanager.aux-services.mapreduce_shuffle.class
yarn.nodemanager.container-executor.class
yarn.nodemanager.keytab
yarn.nodemanager.linux-container-executor.cgroups.mount-path
yarn.nodemanager.linux-container-executor.group
yarn.nodemanager.linux-container-executor.nonsecure-mode.limit-users
yarn.nodemanager.linux-container-executor.resources-handler.class
yarn.nodemanager.local-dirs
yarn.nodemanager.log-aggregation.compression-type
yarn.nodemanager.log-aggregation.roll-monitoring-interval-seconds
yarn.nodemanager.log-dirs
yarn.nodemanager.principal
yarn.nodemanager.remote-app-log-dir
yarn.nodemanager.resource.cpu-vcores
yarn.nodemanager.resource.memory-mb
yarn.nodemanager.vmem-check-enabled
yarn.resourcemanager.address
yarn.resourcemanager.admin.address
yarn.resourcemanager.keytab
yarn.resourcemanager.nodes.exclude-path
yarn.resourcemanager.principal
yarn.resourcemanager.resource-tracker.address
yarn.resourcemanager.scheduler.address
yarn.resourcemanager.scheduler.class
yarn.resourcemanager.webapp.address
yarn.resourcemanager.webapp.delegation-token-auth-filter.enabled
yarn.resourcemanager.webapp.https.address
yarn.scheduler.fair.preemption
yarn.scheduler.maximum-allocation-mb
yarn.scheduler.minimum-allocation-mb
yarn.timeline-service.client.max-retries
